# JRE version: Java(TM) SE Runtime Environment (8.0_161-b12) (build 1.8.0_161-b12)
# Java VM: Java HotSpot(TM) 64-Bit Server VM (25.161-b12 mixed mode bsd-amd64 compressed oops)
Heap:
 PSYoungGen      total 176640K, used 163673K [0x00000007aab00000, 0x00000007ba780000, 0x00000007c0000000)
  eden space 163328K, 92% used [0x00000007aab00000,0x00000007b3dd8530,0x00000007b4a80000)
  from space 13312K, 99% used [0x00000007b4a80000,0x00000007b577e070,0x00000007b5780000)
  to   space 15360K, 0% used [0x00000007b9880000,0x00000007b9880000,0x00000007ba780000)
 ParOldGen       total 49664K, used 17912K [0x0000000780000000, 0x0000000783080000, 0x00000007aab00000)
  object space 49664K, 36% used [0x0000000780000000,0x000000078117e338,0x0000000783080000)
 Metaspace       used 49338K, capacity 51796K, committed 52016K, reserved 1093632K
  class space    used 6418K, capacity 6837K, committed 6960K, reserved 1048576K
GC Heap History (10 events):
Event: 4.590 GC heap before
{Heap before GC invocations=9 (full 1):
 PSYoungGen      total 71680K, used 64000K [0x00000007aab00000, 0x00000007b3700000, 0x00000007c0000000)
  eden space 64000K, 100% used [0x00000007aab00000,0x00000007ae980000,0x00000007ae980000)
  from space 7680K, 0% used [0x00000007ae980000,0x00000007ae980000,0x00000007af100000)
  to   space 7680K, 0% used [0x00000007b2f80000,0x00000007b2f80000,0x00000007b3700000)
 ParOldGen       total 27648K, used 4744K [0x0000000780000000, 0x0000000781b00000, 0x00000007aab00000)
  object space 27648K, 17% used [0x0000000780000000,0x00000007804a2260,0x0000000781b00000)
 Metaspace       used 25862K, capacity 26578K, committed 26672K, reserved 1073152K
  class space    used 3350K, capacity 3548K, committed 3632K, reserved 1048576K
Event: 4.608 GC heap after
Heap after GC invocations=9 (full 1):
 PSYoungGen      total 120320K, used 7665K [0x00000007aab00000, 0x00000007b3700000, 0x00000007c0000000)
  eden space 112640K, 0% used [0x00000007aab00000,0x00000007aab00000,0x00000007b1900000)
  from space 7680K, 99% used [0x00000007b2f80000,0x00000007b36fc630,0x00000007b3700000)
  to   space 9728K, 0% used [0x00000007b2400000,0x00000007b2400000,0x00000007b2d80000)
 ParOldGen       total 27648K, used 6626K [0x0000000780000000, 0x0000000781b00000, 0x00000007aab00000)
  object space 27648K, 23% used [0x0000000780000000,0x0000000780678a08,0x0000000781b00000)
 Metaspace       used 25862K, capacity 26578K, committed 26672K, reserved 1073152K
  class space    used 3350K, capacity 3548K, committed 3632K, reserved 1048576K
}
Event: 6.613 GC heap before
{Heap before GC invocations=10 (full 1):
 PSYoungGen      total 120320K, used 120305K [0x00000007aab00000, 0x00000007b3700000, 0x00000007c0000000)
  eden space 112640K, 100% used [0x00000007aab00000,0x00000007b1900000,0x00000007b1900000)
  from space 7680K, 99% used [0x00000007b2f80000,0x00000007b36fc630,0x00000007b3700000)
  to   space 9728K, 0% used [0x00000007b2400000,0x00000007b2400000,0x00000007b2d80000)
 ParOldGen       total 27648K, used 6626K [0x0000000780000000, 0x0000000781b00000, 0x00000007aab00000)
  object space 27648K, 23% used [0x0000000780000000,0x0000000780678a08,0x0000000781b00000)
 Metaspace       used 32533K, capacity 33820K, committed 34224K, reserved 1079296K
  class space    used 4188K, capacity 4423K, committed 4528K, reserved 1048576K
Event: 6.679 GC heap after
Heap after GC invocations=10 (full 1):
 PSYoungGen      total 133632K, used 9696K [0x00000007aab00000, 0x00000007b6480000, 0x00000007c0000000)
  eden space 123904K, 0% used [0x00000007aab00000,0x00000007aab00000,0x00000007b2400000)
  from space 9728K, 99% used [0x00000007b2400000,0x00000007b2d78150,0x00000007b2d80000)
  to   space 13312K, 0% used [0x00000007b5780000,0x00000007b5780000,0x00000007b6480000)
 ParOldGen       total 27648K, used 12501K [0x0000000780000000, 0x0000000781b00000, 0x00000007aab00000)
  object space 27648K, 45% used [0x0000000780000000,0x0000000780c35540,0x0000000781b00000)
 Metaspace       used 32533K, capacity 33820K, committed 34224K, reserved 1079296K
  class space    used 4188K, capacity 4423K, committed 4528K, reserved 1048576K
}
Event: 7.333 GC heap before
{Heap before GC invocations=11 (full 1):
 PSYoungGen      total 133632K, used 53316K [0x00000007aab00000, 0x00000007b6480000, 0x00000007c0000000)
  eden space 123904K, 35% used [0x00000007aab00000,0x00000007ad599010,0x00000007b2400000)
  from space 9728K, 99% used [0x00000007b2400000,0x00000007b2d78150,0x00000007b2d80000)
  to   space 13312K, 0% used [0x00000007b5780000,0x00000007b5780000,0x00000007b6480000)
 ParOldGen       total 27648K, used 12501K [0x0000000780000000, 0x0000000781b00000, 0x00000007aab00000)
  object space 27648K, 45% used [0x0000000780000000,0x0000000780c35540,0x0000000781b00000)
 Metaspace       used 34053K, capacity 35384K, committed 35496K, reserved 1081344K
  class space    used 4379K, capacity 4647K, committed 4656K, reserved 1048576K
Event: 7.377 GC heap after
Heap after GC invocations=11 (full 1):
 PSYoungGen      total 176640K, used 7219K [0x00000007aab00000, 0x00000007b7680000, 0x00000007c0000000)
  eden space 163328K, 0% used [0x00000007aab00000,0x00000007aab00000,0x00000007b4a80000)
  from space 13312K, 54% used [0x00000007b5780000,0x00000007b5e8cd70,0x00000007b6480000)
  to   space 13312K, 0% used [0x00000007b4a80000,0x00000007b4a80000,0x00000007b5780000)
 ParOldGen       total 27648K, used 17744K [0x0000000780000000, 0x0000000781b00000, 0x00000007aab00000)
  object space 27648K, 64% used [0x0000000780000000,0x0000000781154160,0x0000000781b00000)
 Metaspace       used 34053K, capacity 35384K, committed 35496K, reserved 1081344K
  class space    used 4379K, capacity 4647K, committed 4656K, reserved 1048576K
}
Event: 7.377 GC heap before
{Heap before GC invocations=12 (full 2):
 PSYoungGen      total 176640K, used 7219K [0x00000007aab00000, 0x00000007b7680000, 0x00000007c0000000)
  eden space 163328K, 0% used [0x00000007aab00000,0x00000007aab00000,0x00000007b4a80000)
  from space 13312K, 54% used [0x00000007b5780000,0x00000007b5e8cd70,0x00000007b6480000)
  to   space 13312K, 0% used [0x00000007b4a80000,0x00000007b4a80000,0x00000007b5780000)
 ParOldGen       total 27648K, used 17744K [0x0000000780000000, 0x0000000781b00000, 0x00000007aab00000)
  object space 27648K, 64% used [0x0000000780000000,0x0000000781154160,0x0000000781b00000)
 Metaspace       used 34053K, capacity 35384K, committed 35496K, reserved 1081344K
  class space    used 4379K, capacity 4647K, committed 4656K, reserved 1048576K
Event: 7.478 GC heap after
Heap after GC invocations=12 (full 2):
 PSYoungGen      total 176640K, used 0K [0x00000007aab00000, 0x00000007b7680000, 0x00000007c0000000)
  eden space 163328K, 0% used [0x00000007aab00000,0x00000007aab00000,0x00000007b4a80000)
  from space 13312K, 0% used [0x00000007b5780000,0x00000007b5780000,0x00000007b6480000)
  to   space 13312K, 0% used [0x00000007b4a80000,0x00000007b4a80000,0x00000007b5780000)
 ParOldGen       total 49664K, used 17807K [0x0000000780000000, 0x0000000783080000, 0x00000007aab00000)
  object space 49664K, 35% used [0x0000000780000000,0x0000000781163d68,0x0000000783080000)
 Metaspace       used 34053K, capacity 35384K, committed 35496K, reserved 1081344K
  class space    used 4379K, capacity 4647K, committed 4656K, reserved 1048576K
}
Event: 10.082 GC heap before
{Heap before GC invocations=13 (full 2):
 PSYoungGen      total 176640K, used 163328K [0x00000007aab00000, 0x00000007b7680000, 0x00000007c0000000)
  eden space 163328K, 100% used [0x00000007aab00000,0x00000007b4a80000,0x00000007b4a80000)
  from space 13312K, 0% used [0x00000007b5780000,0x00000007b5780000,0x00000007b6480000)
  to   space 13312K, 0% used [0x00000007b4a80000,0x00000007b4a80000,0x00000007b5780000)
 ParOldGen       total 49664K, used 17807K [0x0000000780000000, 0x0000000783080000, 0x00000007aab00000)
  object space 49664K, 35% used [0x0000000780000000,0x0000000781163d68,0x0000000783080000)
 Metaspace       used 42417K, capacity 44492K, committed 44720K, reserved 1087488K
  class space    used 5612K, capacity 5953K, committed 6064K, reserved 1048576K
Event: 10.122 GC heap after
Heap after GC invocations=13 (full 2):
 PSYoungGen      total 176640K, used 13304K [0x00000007aab00000, 0x00000007ba780000, 0x00000007c0000000)
  eden space 163328K, 0% used [0x00000007aab00000,0x00000007aab00000,0x00000007b4a80000)
  from space 13312K, 99% used [0x00000007b4a80000,0x00000007b577e070,0x00000007b5780000)
  to   space 15360K, 0% used [0x00000007b9880000,0x00000007b9880000,0x00000007ba780000)
 ParOldGen       total 49664K, used 17912K [0x0000000780000000, 0x0000000783080000, 0x00000007aab00000)
  object space 49664K, 36% used [0x0000000780000000,0x000000078117e338,0x0000000783080000)
 Metaspace       used 42417K, capacity 44492K, committed 44720K, reserved 1087488K
  class space    used 5612K, capacity 5953K, committed 6064K, reserved 1048576K
}

